<?xml version="1.0" encoding="UTF-8"?>
<!-- Generated by org.testng.reporters.JUnitReportReporter -->
<testsuite hostname="DESKTOP-EKBJ5LE" failures="0" tests="2" name="testcase.BookFlight" time="34.823" errors="0" timestamp="2021-05-20T15:59:15 IST" skipped="0">
  <testcase classname="testcase.BookFlight" name="bookticket" time="18.034"/>
  <system-out/>
  <testcase classname="testcase.BookFlight" name="bookticket" time="16.789"/>
  <system-out/>
</testsuite> <!-- testcase.BookFlight -->
